<?xml version="1.0" encoding="UTF-8"?>
<!-- Generated by org.testng.reporters.JUnitReportReporter -->
<testsuite name="testCases.NewTestTestNG" tests="1" time="16.998" ignored="0" failures="0" timestamp="29 Jan 2017 15:00:38 GMT" skipped="0" hostname="DESKTOP-R7IHSK2" errors="0">
  <testcase name="testReport" time="16.998" classname="testCases.NewTestTestNG"/>
</testsuite> <!-- testCases.NewTestTestNG -->
