<?xml version="1.0" encoding="UTF-8"?>
<!-- Generated by org.testng.reporters.JUnitReportReporter -->
<testsuite name="example.NewTestTestNG" tests="1" time="0.447" ignored="0" failures="0" timestamp="20 Jan 2017 14:59:08 GMT" skipped="0" hostname="DESKTOP-R7IHSK2" errors="0">
  <testcase name="f" time="0.447" classname="example.NewTestTestNG"/>
</testsuite> <!-- example.NewTestTestNG -->
